<?xml version="1.0" encoding="UTF-8"?>
<coverage generated="1775393857093" clover="3.2.0">
  <project timestamp="1775393857093" name="All files">
    <metrics statements="157" coveredstatements="140" conditionals="78" coveredconditionals="52" methods="23" coveredmethods="18" elements="258" coveredelements="210" complexity="0" loc="157" ncloc="157" packages="1" files="1" classes="1"/>
    <file name="intercom.ts" path="/app/src/utils/intercom.ts">
      <metrics statements="157" coveredstatements="140" conditionals="78" coveredconditionals="52" methods="23" coveredmethods="18"/>
      <line num="98" count="0" type="stmt"/>
      <line num="102" count="36" type="stmt"/>
      <line num="106" count="9" type="stmt"/>
      <line num="110" count="4" type="stmt"/>
      <line num="114" count="3" type="stmt"/>
      <line num="118" count="18" type="stmt"/>
      <line num="119" count="18" type="cond" truecount="1" falsecount="1"/>
      <line num="120" count="18" type="cond" truecount="1" falsecount="1"/>
      <line num="121" count="18" type="stmt"/>
      <line num="122" count="18" type="stmt"/>
      <line num="123" count="18" type="stmt"/>
      <line num="124" count="18" type="stmt"/>
      <line num="125" count="18" type="stmt"/>
      <line num="126" count="18" type="stmt"/>
      <line num="127" count="18" type="stmt"/>
      <line num="129" count="18" type="stmt"/>
      <line num="130" count="36" type="stmt"/>
      <line num="133" count="18" type="stmt"/>
      <line num="138" count="16" type="stmt"/>
      <line num="139" count="16" type="stmt"/>
      <line num="145" count="16" type="stmt"/>
      <line num="148" count="18" type="stmt"/>
      <line num="149" count="1" type="stmt"/>
      <line num="150" count="1" type="cond" truecount="1" falsecount="1"/>
      <line num="151" count="1" type="stmt"/>
      <line num="152" count="1" type="stmt"/>
      <line num="153" count="1" type="stmt"/>
      <line num="154" count="1" type="stmt"/>
      <line num="155" count="1" type="stmt"/>
      <line num="157" count="1" type="stmt"/>
      <line num="158" count="1" type="stmt"/>
      <line num="159" count="1" type="stmt"/>
      <line num="162" count="18" type="stmt"/>
      <line num="163" count="32" type="cond" truecount="3" falsecount="1"/>
      <line num="164" count="0" type="stmt"/>
      <line num="166" count="32" type="stmt"/>
      <line num="169" count="18" type="stmt"/>
      <line num="170" count="15" type="stmt"/>
      <line num="171" count="15" type="cond" truecount="2" falsecount="0"/>
      <line num="172" count="14" type="stmt"/>
      <line num="174" count="1" type="stmt"/>
      <line num="175" count="1" type="stmt"/>
      <line num="176" count="1" type="stmt"/>
      <line num="177" count="1" type="stmt"/>
      <line num="179" count="0" type="stmt"/>
      <line num="184" count="18" type="stmt"/>
      <line num="185" count="15" type="cond" truecount="6" falsecount="0"/>
      <line num="186" count="5" type="cond" truecount="1" falsecount="1"/>
      <line num="189" count="10" type="stmt"/>
      <line num="190" count="10" type="stmt"/>
      <line num="192" count="10" type="stmt"/>
      <line num="193" count="10" type="stmt"/>
      <line num="195" count="10" type="stmt"/>
      <line num="196" count="20" type="stmt"/>
      <line num="199" count="10" type="stmt"/>
      <line num="200" count="0" type="cond" truecount="0" falsecount="2"/>
      <line num="201" count="0" type="stmt"/>
      <line num="209" count="10" type="stmt"/>
      <line num="210" count="0" type="stmt"/>
      <line num="211" count="0" type="cond" truecount="0" falsecount="2"/>
      <line num="212" count="0" type="stmt"/>
      <line num="218" count="10" type="stmt"/>
      <line num="219" count="0" type="stmt"/>
      <line num="220" count="0" type="cond" truecount="0" falsecount="2"/>
      <line num="221" count="0" type="stmt"/>
      <line num="222" count="0" type="cond" truecount="0" falsecount="4"/>
      <line num="223" count="0" type="stmt"/>
      <line num="227" count="10" type="cond" truecount="2" falsecount="0"/>
      <line num="228" count="1" type="stmt"/>
      <line num="229" count="1" type="stmt"/>
      <line num="230" count="1" type="stmt"/>
      <line num="231" count="1" type="stmt"/>
      <line num="232" count="1" type="stmt"/>
      <line num="241" count="0" type="stmt"/>
      <line num="242" count="0" type="stmt"/>
      <line num="247" count="10" type="stmt"/>
      <line num="248" count="10" type="stmt"/>
      <line num="251" count="18" type="stmt"/>
      <line num="252" count="9" type="cond" truecount="2" falsecount="0"/>
      <line num="253" count="9" type="cond" truecount="1" falsecount="1"/>
      <line num="254" count="0" type="stmt"/>
      <line num="257" count="9" type="cond" truecount="2" falsecount="0"/>
      <line num="258" count="5" type="stmt"/>
      <line num="259" count="4" type="stmt"/>
      <line num="260" count="4" type="stmt"/>
      <line num="261" count="4" type="stmt"/>
      <line num="269" count="5" type="stmt"/>
      <line num="270" count="4" type="stmt"/>
      <line num="273" count="4" type="cond" truecount="2" falsecount="0"/>
      <line num="274" count="1" type="stmt"/>
      <line num="275" count="1" type="stmt"/>
      <line num="276" count="1" type="stmt"/>
      <line num="279" count="3" type="cond" truecount="1" falsecount="1"/>
      <line num="280" count="3" type="cond" truecount="2" falsecount="0"/>
      <line num="281" count="2" type="stmt"/>
      <line num="283" count="1" type="cond" truecount="2" falsecount="0"/>
      <line num="284" count="1" type="stmt"/>
      <line num="285" count="1" type="stmt"/>
      <line num="290" count="18" type="stmt"/>
      <line num="291" count="18" type="stmt"/>
      <line num="292" count="18" type="stmt"/>
      <line num="293" count="17" type="stmt"/>
      <line num="296" count="1" type="cond" truecount="1" falsecount="1"/>
      <line num="299" count="1" type="stmt"/>
      <line num="300" count="1" type="stmt"/>
      <line num="303" count="17" type="stmt"/>
      <line num="304" count="17" type="stmt"/>
      <line num="306" count="17" type="stmt"/>
      <line num="307" count="28" type="cond" truecount="2" falsecount="0"/>
      <line num="308" count="1" type="stmt"/>
      <line num="310" count="27" type="stmt"/>
      <line num="311" count="27" type="stmt"/>
      <line num="314" count="17" type="stmt"/>
      <line num="315" count="23" type="stmt"/>
      <line num="317" count="23" type="cond" truecount="2" falsecount="0"/>
      <line num="318" count="10" type="stmt"/>
      <line num="319" count="10" type="stmt"/>
      <line num="320" count="10" type="stmt"/>
      <line num="321" count="4" type="stmt"/>
      <line num="322" count="4" type="stmt"/>
      <line num="324" count="10" type="stmt"/>
      <line num="325" count="10" type="stmt"/>
      <line num="328" count="13" type="cond" truecount="2" falsecount="0"/>
      <line num="329" count="2" type="stmt"/>
      <line num="330" count="2" type="stmt"/>
      <line num="331" count="2" type="stmt"/>
      <line num="334" count="11" type="cond" truecount="2" falsecount="0"/>
      <line num="335" count="1" type="stmt"/>
      <line num="336" count="1" type="stmt"/>
      <line num="339" count="10" type="cond" truecount="2" falsecount="0"/>
      <line num="340" count="9" type="stmt"/>
      <line num="341" count="9" type="stmt"/>
      <line num="343" count="2" type="stmt"/>
      <line num="344" count="2" type="stmt"/>
      <line num="346" count="9" type="stmt"/>
      <line num="349" count="1" type="cond" truecount="1" falsecount="1"/>
      <line num="350" count="1" type="stmt"/>
      <line num="354" count="17" type="stmt"/>
      <line num="355" count="3" type="cond" truecount="2" falsecount="0"/>
      <line num="356" count="1" type="stmt"/>
      <line num="360" count="17" type="stmt"/>
      <line num="361" count="1" type="stmt"/>
      <line num="364" count="17" type="stmt"/>
      <line num="366" count="17" type="stmt"/>
      <line num="367" count="2" type="stmt"/>
      <line num="368" count="2" type="stmt"/>
      <line num="369" count="2" type="stmt"/>
      <line num="371" count="2" type="stmt"/>
      <line num="372" count="0" type="stmt"/>
      <line num="374" count="2" type="stmt"/>
      <line num="375" count="2" type="stmt"/>
      <line num="376" count="2" type="stmt"/>
      <line num="377" count="2" type="stmt"/>
      <line num="379" count="2" type="cond" truecount="1" falsecount="1"/>
      <line num="380" count="2" type="stmt"/>
      <line num="381" count="4" type="stmt"/>
      <line num="383" count="2" type="stmt"/>
    </file>
  </project>
</coverage>
