<?xml version="1.0" encoding="UTF-8"?>
<coverage generated="1775392016457" clover="3.2.0">
  <project timestamp="1775392016457" name="All files">
    <metrics statements="26" coveredstatements="26" conditionals="20" coveredconditionals="18" methods="3" coveredmethods="3" elements="49" coveredelements="47" complexity="0" loc="26" ncloc="26" packages="1" files="1" classes="1"/>
    <file name="motionDetection.ts" path="/app/src/utils/motionDetection.ts">
      <metrics statements="26" coveredstatements="26" conditionals="20" coveredconditionals="18" methods="3" coveredmethods="3"/>
      <line num="6" count="12" type="stmt"/>
      <line num="7" count="12" type="stmt"/>
      <line num="10" count="12" type="cond" truecount="1" falsecount="1"/>
      <line num="11" count="12" type="cond" truecount="1" falsecount="1"/>
      <line num="13" count="12" type="stmt"/>
      <line num="15" count="12" type="stmt"/>
      <line num="17" count="20" type="cond" truecount="5" falsecount="0"/>
      <line num="20" count="18" type="cond" truecount="4" falsecount="0"/>
      <line num="21" count="2" type="stmt"/>
      <line num="22" count="2" type="stmt"/>
      <line num="23" count="2" type="stmt"/>
      <line num="26" count="18" type="stmt"/>
      <line num="27" count="18" type="stmt"/>
      <line num="29" count="18" type="cond" truecount="2" falsecount="0"/>
      <line num="30" count="6" type="stmt"/>
      <line num="32" count="6" type="stmt"/>
      <line num="34" count="60000" type="stmt"/>
      <line num="35" count="60000" type="stmt"/>
      <line num="36" count="60000" type="stmt"/>
      <line num="40" count="6" type="stmt"/>
      <line num="42" count="6" type="cond" truecount="2" falsecount="0"/>
      <line num="43" count="4" type="cond" truecount="2" falsecount="0"/>
      <line num="44" count="2" type="stmt"/>
      <line num="46" count="2" type="stmt"/>
      <line num="50" count="18" type="stmt"/>
      <line num="54" count="12" type="stmt"/>
    </file>
  </project>
</coverage>
