{"/app/src/utils/intercom.ts": {"path":"/app/src/utils/intercom.ts","statementMap":{"0":{"start":{"line":98,"column":2},"end":{"line":98,"column":null}},"1":{"start":{"line":102,"column":2},"end":{"line":102,"column":null}},"2":{"start":{"line":102,"column":35},"end":{"line":102,"column":63}},"3":{"start":{"line":106,"column":2},"end":{"line":106,"column":null}},"4":{"start":{"line":110,"column":2},"end":{"line":110,"column":null}},"5":{"start":{"line":114,"column":2},"end":{"line":114,"column":null}},"6":{"start":{"line":118,"column":94},"end":{"line":118,"column":null}},"7":{"start":{"line":119,"column":19},"end":{"line":119,"column":null}},"8":{"start":{"line":120,"column":20},"end":{"line":120,"column":null}},"9":{"start":{"line":121,"column":16},"end":{"line":121,"column":48}},"10":{"start":{"line":122,"column":26},"end":{"line":122,"column":62}},"11":{"start":{"line":123,"column":28},"end":{"line":123,"column":68}},"12":{"start":{"line":124,"column":33},"end":{"line":124,"column":null}},"13":{"start":{"line":125,"column":40},"end":{"line":125,"column":null}},"14":{"start":{"line":126,"column":34},"end":{"line":126,"column":null}},"15":{"start":{"line":127,"column":17},"end":{"line":127,"column":null}},"16":{"start":{"line":129,"column":8},"end":{"line":130,"column":null}},"17":{"start":{"line":130,"column":4},"end":{"line":130,"column":null}},"18":{"start":{"line":133,"column":8},"end":{"line":145,"column":null}},"19":{"start":{"line":138,"column":21},"end":{"line":138,"column":38}},"20":{"start":{"line":139,"column":4},"end":{"line":144,"column":null}},"21":{"start":{"line":145,"column":4},"end":{"line":145,"column":null}},"22":{"start":{"line":148,"column":8},"end":{"line":159,"column":null}},"23":{"start":{"line":149,"column":23},"end":{"line":149,"column":50}},"24":{"start":{"line":150,"column":4},"end":{"line":155,"column":null}},"25":{"start":{"line":151,"column":6},"end":{"line":151,"column":null}},"26":{"start":{"line":152,"column":6},"end":{"line":152,"column":null}},"27":{"start":{"line":153,"column":6},"end":{"line":153,"column":null}},"28":{"start":{"line":154,"column":6},"end":{"line":154,"column":null}},"29":{"start":{"line":155,"column":6},"end":{"line":155,"column":null}},"30":{"start":{"line":157,"column":4},"end":{"line":157,"column":null}},"31":{"start":{"line":158,"column":4},"end":{"line":158,"column":null}},"32":{"start":{"line":159,"column":4},"end":{"line":159,"column":null}},"33":{"start":{"line":162,"column":8},"end":{"line":166,"column":null}},"34":{"start":{"line":163,"column":4},"end":{"line":164,"column":null}},"35":{"start":{"line":164,"column":6},"end":{"line":164,"column":null}},"36":{"start":{"line":166,"column":4},"end":{"line":166,"column":null}},"37":{"start":{"line":169,"column":33},"end":{"line":179,"column":null}},"38":{"start":{"line":170,"column":23},"end":{"line":170,"column":52}},"39":{"start":{"line":171,"column":4},"end":{"line":172,"column":null}},"40":{"start":{"line":172,"column":6},"end":{"line":172,"column":null}},"41":{"start":{"line":174,"column":4},"end":{"line":174,"column":null}},"42":{"start":{"line":175,"column":4},"end":{"line":179,"column":null}},"43":{"start":{"line":176,"column":6},"end":{"line":179,"column":null}},"44":{"start":{"line":177,"column":8},"end":{"line":177,"column":null}},"45":{"start":{"line":179,"column":8},"end":{"line":179,"column":null}},"46":{"start":{"line":184,"column":8},"end":{"line":248,"column":null}},"47":{"start":{"line":185,"column":4},"end":{"line":186,"column":null}},"48":{"start":{"line":186,"column":6},"end":{"line":186,"column":null}},"49":{"start":{"line":189,"column":23},"end":{"line":189,"column":64}},"50":{"start":{"line":190,"column":27},"end":{"line":190,"column":null}},"51":{"start":{"line":192,"column":4},"end":{"line":192,"column":null}},"52":{"start":{"line":193,"column":4},"end":{"line":193,"column":null}},"53":{"start":{"line":195,"column":4},"end":{"line":196,"column":null}},"54":{"start":{"line":196,"column":6},"end":{"line":196,"column":null}},"55":{"start":{"line":199,"column":4},"end":{"line":205,"column":null}},"56":{"start":{"line":200,"column":6},"end":{"line":205,"column":null}},"57":{"start":{"line":201,"column":8},"end":{"line":205,"column":null}},"58":{"start":{"line":209,"column":4},"end":{"line":215,"column":null}},"59":{"start":{"line":210,"column":23},"end":{"line":210,"column":null}},"60":{"start":{"line":211,"column":27},"end":{"line":211,"column":56}},"61":{"start":{"line":212,"column":6},"end":{"line":215,"column":null}},"62":{"start":{"line":218,"column":4},"end":{"line":223,"column":null}},"63":{"start":{"line":219,"column":24},"end":{"line":219,"column":null}},"64":{"start":{"line":220,"column":6},"end":{"line":223,"column":null}},"65":{"start":{"line":221,"column":8},"end":{"line":221,"column":null}},"66":{"start":{"line":222,"column":17},"end":{"line":223,"column":null}},"67":{"start":{"line":223,"column":8},"end":{"line":223,"column":null}},"68":{"start":{"line":227,"column":4},"end":{"line":244,"column":null}},"69":{"start":{"line":228,"column":6},"end":{"line":244,"column":null}},"70":{"start":{"line":229,"column":8},"end":{"line":242,"column":null}},"71":{"start":{"line":230,"column":24},"end":{"line":230,"column":54}},"72":{"start":{"line":231,"column":10},"end":{"line":231,"column":null}},"73":{"start":{"line":232,"column":10},"end":{"line":239,"column":null}},"74":{"start":{"line":241,"column":10},"end":{"line":241,"column":null}},"75":{"start":{"line":242,"column":10},"end":{"line":242,"column":null}},"76":{"start":{"line":247,"column":4},"end":{"line":247,"column":null}},"77":{"start":{"line":248,"column":4},"end":{"line":248,"column":null}},"78":{"start":{"line":251,"column":23},"end":{"line":285,"column":null}},"79":{"start":{"line":252,"column":23},"end":{"line":252,"column":100}},"80":{"start":{"line":253,"column":4},"end":{"line":254,"column":null}},"81":{"start":{"line":254,"column":6},"end":{"line":254,"column":null}},"82":{"start":{"line":257,"column":4},"end":{"line":270,"column":null}},"83":{"start":{"line":258,"column":6},"end":{"line":258,"column":null}},"84":{"start":{"line":259,"column":21},"end":{"line":259,"column":52}},"85":{"start":{"line":260,"column":6},"end":{"line":260,"column":null}},"86":{"start":{"line":261,"column":6},"end":{"line":268,"column":null}},"87":{"start":{"line":269,"column":6},"end":{"line":269,"column":null}},"88":{"start":{"line":270,"column":6},"end":{"line":270,"column":null}},"89":{"start":{"line":273,"column":4},"end":{"line":276,"column":null}},"90":{"start":{"line":274,"column":6},"end":{"line":274,"column":null}},"91":{"start":{"line":275,"column":6},"end":{"line":275,"column":null}},"92":{"start":{"line":276,"column":6},"end":{"line":276,"column":null}},"93":{"start":{"line":279,"column":4},"end":{"line":285,"column":null}},"94":{"start":{"line":280,"column":6},"end":{"line":285,"column":null}},"95":{"start":{"line":281,"column":8},"end":{"line":281,"column":null}},"96":{"start":{"line":283,"column":22},"end":{"line":283,"column":63}},"97":{"start":{"line":284,"column":8},"end":{"line":284,"column":null}},"98":{"start":{"line":285,"column":8},"end":{"line":285,"column":null}},"99":{"start":{"line":290,"column":2},"end":{"line":300,"column":null}},"100":{"start":{"line":291,"column":4},"end":{"line":291,"column":null}},"101":{"start":{"line":292,"column":4},"end":{"line":292,"column":null}},"102":{"start":{"line":293,"column":4},"end":{"line":293,"column":null}},"103":{"start":{"line":296,"column":6},"end":{"line":298,"column":null}},"104":{"start":{"line":299,"column":4},"end":{"line":299,"column":null}},"105":{"start":{"line":300,"column":4},"end":{"line":300,"column":null}},"106":{"start":{"line":303,"column":2},"end":{"line":303,"column":null}},"107":{"start":{"line":304,"column":2},"end":{"line":304,"column":null}},"108":{"start":{"line":306,"column":2},"end":{"line":312,"column":null}},"109":{"start":{"line":307,"column":4},"end":{"line":308,"column":null}},"110":{"start":{"line":308,"column":6},"end":{"line":308,"column":null}},"111":{"start":{"line":310,"column":4},"end":{"line":310,"column":null}},"112":{"start":{"line":311,"column":4},"end":{"line":311,"column":null}},"113":{"start":{"line":314,"column":2},"end":{"line":352,"column":null}},"114":{"start":{"line":315,"column":20},"end":{"line":315,"column":52}},"115":{"start":{"line":317,"column":4},"end":{"line":325,"column":null}},"116":{"start":{"line":318,"column":6},"end":{"line":318,"column":null}},"117":{"start":{"line":319,"column":6},"end":{"line":319,"column":null}},"118":{"start":{"line":320,"column":6},"end":{"line":322,"column":null}},"119":{"start":{"line":321,"column":8},"end":{"line":321,"column":null}},"120":{"start":{"line":322,"column":8},"end":{"line":322,"column":null}},"121":{"start":{"line":324,"column":6},"end":{"line":324,"column":null}},"122":{"start":{"line":325,"column":6},"end":{"line":325,"column":null}},"123":{"start":{"line":328,"column":4},"end":{"line":331,"column":null}},"124":{"start":{"line":329,"column":6},"end":{"line":329,"column":null}},"125":{"start":{"line":330,"column":6},"end":{"line":330,"column":null}},"126":{"start":{"line":331,"column":6},"end":{"line":331,"column":null}},"127":{"start":{"line":334,"column":4},"end":{"line":336,"column":null}},"128":{"start":{"line":335,"column":6},"end":{"line":335,"column":null}},"129":{"start":{"line":336,"column":6},"end":{"line":336,"column":null}},"130":{"start":{"line":339,"column":4},"end":{"line":346,"column":null}},"131":{"start":{"line":340,"column":6},"end":{"line":344,"column":null}},"132":{"start":{"line":341,"column":8},"end":{"line":341,"column":null}},"133":{"start":{"line":343,"column":8},"end":{"line":343,"column":null}},"134":{"start":{"line":344,"column":8},"end":{"line":344,"column":null}},"135":{"start":{"line":346,"column":6},"end":{"line":346,"column":null}},"136":{"start":{"line":349,"column":4},"end":{"line":350,"column":null}},"137":{"start":{"line":350,"column":6},"end":{"line":350,"column":null}},"138":{"start":{"line":354,"column":2},"end":{"line":358,"column":null}},"139":{"start":{"line":355,"column":4},"end":{"line":356,"column":null}},"140":{"start":{"line":356,"column":6},"end":{"line":356,"column":null}},"141":{"start":{"line":360,"column":2},"end":{"line":362,"column":null}},"142":{"start":{"line":361,"column":4},"end":{"line":361,"column":null}},"143":{"start":{"line":364,"column":2},"end":{"line":364,"column":null}},"144":{"start":{"line":366,"column":2},"end":{"line":383,"column":null}},"145":{"start":{"line":367,"column":4},"end":{"line":367,"column":null}},"146":{"start":{"line":368,"column":4},"end":{"line":368,"column":null}},"147":{"start":{"line":369,"column":4},"end":{"line":369,"column":null}},"148":{"start":{"line":371,"column":4},"end":{"line":372,"column":null}},"149":{"start":{"line":372,"column":6},"end":{"line":372,"column":null}},"150":{"start":{"line":374,"column":4},"end":{"line":374,"column":null}},"151":{"start":{"line":375,"column":4},"end":{"line":375,"column":null}},"152":{"start":{"line":376,"column":4},"end":{"line":376,"column":null}},"153":{"start":{"line":377,"column":4},"end":{"line":377,"column":null}},"154":{"start":{"line":379,"column":4},"end":{"line":383,"column":null}},"155":{"start":{"line":380,"column":6},"end":{"line":381,"column":null}},"156":{"start":{"line":381,"column":8},"end":{"line":381,"column":null}},"157":{"start":{"line":383,"column":6},"end":{"line":383,"column":null}}},"fnMap":{"0":{"name":"createMediaStream","decl":{"start":{"line":97,"column":9},"end":{"line":97,"column":42}},"loc":{"start":{"line":97,"column":42},"end":{"line":98,"column":null}},"line":97},"1":{"name":"sortPeers","decl":{"start":{"line":101,"column":9},"end":{"line":101,"column":19}},"loc":{"start":{"line":101,"column":43},"end":{"line":102,"column":null}},"line":101},"2":{"name":"(anonymous_2)","decl":{"start":{"line":102,"column":20},"end":{"line":102,"column":26}},"loc":{"start":{"line":102,"column":35},"end":{"line":102,"column":63}},"line":102},"3":{"name":"isOfferLike","decl":{"start":{"line":105,"column":9},"end":{"line":105,"column":21}},"loc":{"start":{"line":105,"column":99},"end":{"line":106,"column":null}},"line":105},"4":{"name":"isAnswerLike","decl":{"start":{"line":109,"column":9},"end":{"line":109,"column":22}},"loc":{"start":{"line":109,"column":101},"end":{"line":110,"column":null}},"line":109},"5":{"name":"isIceLike","decl":{"start":{"line":113,"column":9},"end":{"line":113,"column":19}},"loc":{"start":{"line":113,"column":95},"end":{"line":114,"column":null}},"line":113},"6":{"name":"startIntercom","decl":{"start":{"line":117,"column":22},"end":{"line":117,"column":36}},"loc":{"start":{"line":117,"column":67},"end":{"line":383,"column":null}},"line":117},"7":{"name":"(anonymous_7)","decl":{"start":{"line":129,"column":8},"end":{"line":129,"column":26}},"loc":{"start":{"line":129,"column":26},"end":{"line":130,"column":null}},"line":129},"8":{"name":"(anonymous_8)","decl":{"start":{"line":133,"column":8},"end":{"line":133,"column":null}},"loc":{"start":{"line":137,"column":7},"end":{"line":145,"column":null}},"line":137},"9":{"name":"(anonymous_9)","decl":{"start":{"line":148,"column":8},"end":{"line":148,"column":22}},"loc":{"start":{"line":148,"column":41},"end":{"line":159,"column":null}},"line":148},"10":{"name":"(anonymous_10)","decl":{"start":{"line":162,"column":8},"end":{"line":162,"column":16}},"loc":{"start":{"line":162,"column":43},"end":{"line":166,"column":null}},"line":162},"11":{"name":"(anonymous_11)","decl":{"start":{"line":169,"column":33},"end":{"line":169,"column":40}},"loc":{"start":{"line":169,"column":90},"end":{"line":179,"column":null}},"line":169},"12":{"name":"(anonymous_12)","decl":{"start":{"line":184,"column":8},"end":{"line":184,"column":28}},"loc":{"start":{"line":184,"column":65},"end":{"line":248,"column":null}},"line":184},"13":{"name":"(anonymous_13)","decl":{"start":{"line":199,"column":15},"end":{"line":199,"column":33}},"loc":{"start":{"line":199,"column":43},"end":{"line":205,"column":null}},"line":199},"14":{"name":"(anonymous_14)","decl":{"start":{"line":209,"column":15},"end":{"line":209,"column":26}},"loc":{"start":{"line":209,"column":36},"end":{"line":215,"column":null}},"line":209},"15":{"name":"(anonymous_15)","decl":{"start":{"line":218,"column":15},"end":{"line":218,"column":47}},"loc":{"start":{"line":218,"column":47},"end":{"line":223,"column":null}},"line":218},"16":{"name":"(anonymous_16)","decl":{"start":{"line":228,"column":12},"end":{"line":228,"column":24}},"loc":{"start":{"line":228,"column":24},"end":{"line":244,"column":null}},"line":228},"17":{"name":"(anonymous_17)","decl":{"start":{"line":251,"column":23},"end":{"line":251,"column":30}},"loc":{"start":{"line":251,"column":57},"end":{"line":285,"column":null}},"line":251},"18":{"name":"(anonymous_18)","decl":{"start":{"line":306,"column":26},"end":{"line":306,"column":40}},"loc":{"start":{"line":306,"column":40},"end":{"line":312,"column":null}},"line":306},"19":{"name":"(anonymous_19)","decl":{"start":{"line":314,"column":37},"end":{"line":314,"column":44}},"loc":{"start":{"line":314,"column":54},"end":{"line":352,"column":null}},"line":314},"20":{"name":"(anonymous_20)","decl":{"start":{"line":354,"column":26},"end":{"line":354,"column":41}},"loc":{"start":{"line":354,"column":41},"end":{"line":358,"column":null}},"line":354},"21":{"name":"(anonymous_21)","decl":{"start":{"line":360,"column":26},"end":{"line":360,"column":41}},"loc":{"start":{"line":360,"column":41},"end":{"line":362,"column":null}},"line":360},"22":{"name":"(anonymous_22)","decl":{"start":{"line":366,"column":2},"end":{"line":366,"column":15}},"loc":{"start":{"line":366,"column":15},"end":{"line":383,"column":null}},"line":366}},"branchMap":{"0":{"loc":{"start":{"line":119,"column":19},"end":{"line":119,"column":null}},"type":"binary-expr","locations":[{"start":{"line":119,"column":19},"end":{"line":119,"column":32}},{"start":{"line":119,"column":36},"end":{"line":119,"column":null}}],"line":119},"1":{"loc":{"start":{"line":120,"column":20},"end":{"line":120,"column":null}},"type":"binary-expr","locations":[{"start":{"line":120,"column":20},"end":{"line":120,"column":38}},{"start":{"line":120,"column":42},"end":{"line":120,"column":null}}],"line":120},"2":{"loc":{"start":{"line":141,"column":12},"end":{"line":141,"column":null}},"type":"binary-expr","locations":[{"start":{"line":141,"column":12},"end":{"line":141,"column":27}},{"start":{"line":141,"column":27},"end":{"line":141,"column":39}},{"start":{"line":141,"column":39},"end":{"line":141,"column":57}},{"start":{"line":141,"column":57},"end":{"line":141,"column":null}}],"line":141},"3":{"loc":{"start":{"line":142,"column":14},"end":{"line":142,"column":null}},"type":"binary-expr","locations":[{"start":{"line":142,"column":14},"end":{"line":142,"column":31}},{"start":{"line":142,"column":31},"end":{"line":142,"column":51}},{"start":{"line":142,"column":51},"end":{"line":142,"column":null}}],"line":142},"4":{"loc":{"start":{"line":143,"column":13},"end":{"line":143,"column":null}},"type":"binary-expr","locations":[{"start":{"line":143,"column":13},"end":{"line":143,"column":29}},{"start":{"line":143,"column":29},"end":{"line":143,"column":48}},{"start":{"line":143,"column":48},"end":{"line":143,"column":null}}],"line":143},"5":{"loc":{"start":{"line":150,"column":4},"end":{"line":155,"column":null}},"type":"if","locations":[{"start":{"line":150,"column":4},"end":{"line":155,"column":null}},{"start":{},"end":{}}],"line":150},"6":{"loc":{"start":{"line":163,"column":4},"end":{"line":164,"column":null}},"type":"if","locations":[{"start":{"line":163,"column":4},"end":{"line":164,"column":null}},{"start":{},"end":{}}],"line":163},"7":{"loc":{"start":{"line":163,"column":8},"end":{"line":163,"column":57}},"type":"binary-expr","locations":[{"start":{"line":163,"column":8},"end":{"line":163,"column":19}},{"start":{"line":163,"column":19},"end":{"line":163,"column":57}}],"line":163},"8":{"loc":{"start":{"line":171,"column":4},"end":{"line":172,"column":null}},"type":"if","locations":[{"start":{"line":171,"column":4},"end":{"line":172,"column":null}},{"start":{},"end":{}}],"line":171},"9":{"loc":{"start":{"line":185,"column":4},"end":{"line":186,"column":null}},"type":"if","locations":[{"start":{"line":185,"column":4},"end":{"line":186,"column":null}},{"start":{},"end":{}}],"line":185},"10":{"loc":{"start":{"line":185,"column":8},"end":{"line":185,"column":91}},"type":"binary-expr","locations":[{"start":{"line":185,"column":8},"end":{"line":185,"column":24}},{"start":{"line":185,"column":24},"end":{"line":185,"column":39}},{"start":{"line":185,"column":39},"end":{"line":185,"column":64}},{"start":{"line":185,"column":64},"end":{"line":185,"column":91}}],"line":185},"11":{"loc":{"start":{"line":186,"column":13},"end":{"line":186,"column":null}},"type":"binary-expr","locations":[{"start":{"line":186,"column":13},"end":{"line":186,"column":40}},{"start":{"line":186,"column":44},"end":{"line":186,"column":null}}],"line":186},"12":{"loc":{"start":{"line":200,"column":6},"end":{"line":205,"column":null}},"type":"if","locations":[{"start":{"line":200,"column":6},"end":{"line":205,"column":null}},{"start":{},"end":{}}],"line":200},"13":{"loc":{"start":{"line":211,"column":27},"end":{"line":211,"column":56}},"type":"binary-expr","locations":[{"start":{"line":211,"column":27},"end":{"line":211,"column":37}},{"start":{"line":211,"column":37},"end":{"line":211,"column":56}}],"line":211},"14":{"loc":{"start":{"line":220,"column":6},"end":{"line":223,"column":null}},"type":"if","locations":[{"start":{"line":220,"column":6},"end":{"line":223,"column":null}},{"start":{"line":222,"column":17},"end":{"line":223,"column":null}}],"line":220},"15":{"loc":{"start":{"line":222,"column":17},"end":{"line":223,"column":null}},"type":"if","locations":[{"start":{"line":222,"column":17},"end":{"line":223,"column":null}},{"start":{},"end":{}}],"line":222},"16":{"loc":{"start":{"line":222,"column":17},"end":{"line":222,"column":73}},"type":"binary-expr","locations":[{"start":{"line":222,"column":17},"end":{"line":222,"column":43}},{"start":{"line":222,"column":43},"end":{"line":222,"column":73}}],"line":222},"17":{"loc":{"start":{"line":227,"column":4},"end":{"line":244,"column":null}},"type":"if","locations":[{"start":{"line":227,"column":4},"end":{"line":244,"column":null}},{"start":{},"end":{}}],"line":227},"18":{"loc":{"start":{"line":237,"column":27},"end":{"line":237,"column":null}},"type":"binary-expr","locations":[{"start":{"line":237,"column":27},"end":{"line":237,"column":58}},{"start":{"line":237,"column":58},"end":{"line":237,"column":null}}],"line":237},"19":{"loc":{"start":{"line":252,"column":54},"end":{"line":252,"column":100}},"type":"binary-expr","locations":[{"start":{"line":252,"column":54},"end":{"line":252,"column":87}},{"start":{"line":252,"column":87},"end":{"line":252,"column":100}}],"line":252},"20":{"loc":{"start":{"line":253,"column":4},"end":{"line":254,"column":null}},"type":"if","locations":[{"start":{"line":253,"column":4},"end":{"line":254,"column":null}},{"start":{},"end":{}}],"line":253},"21":{"loc":{"start":{"line":257,"column":4},"end":{"line":270,"column":null}},"type":"if","locations":[{"start":{"line":257,"column":4},"end":{"line":270,"column":null}},{"start":{},"end":{}}],"line":257},"22":{"loc":{"start":{"line":266,"column":23},"end":{"line":266,"column":null}},"type":"binary-expr","locations":[{"start":{"line":266,"column":23},"end":{"line":266,"column":54}},{"start":{"line":266,"column":54},"end":{"line":266,"column":null}}],"line":266},"23":{"loc":{"start":{"line":273,"column":4},"end":{"line":276,"column":null}},"type":"if","locations":[{"start":{"line":273,"column":4},"end":{"line":276,"column":null}},{"start":{},"end":{}}],"line":273},"24":{"loc":{"start":{"line":279,"column":4},"end":{"line":285,"column":null}},"type":"if","locations":[{"start":{"line":279,"column":4},"end":{"line":285,"column":null}},{"start":{},"end":{}}],"line":279},"25":{"loc":{"start":{"line":280,"column":6},"end":{"line":285,"column":null}},"type":"if","locations":[{"start":{"line":280,"column":6},"end":{"line":285,"column":null}},{"start":{"line":282,"column":13},"end":{"line":285,"column":null}}],"line":280},"26":{"loc":{"start":{"line":283,"column":22},"end":{"line":283,"column":63}},"type":"binary-expr","locations":[{"start":{"line":283,"column":22},"end":{"line":283,"column":57}},{"start":{"line":283,"column":61},"end":{"line":283,"column":63}}],"line":283},"27":{"loc":{"start":{"line":296,"column":6},"end":{"line":298,"column":null}},"type":"cond-expr","locations":[{"start":{"line":297,"column":10},"end":{"line":297,"column":null}},{"start":{"line":298,"column":10},"end":{"line":298,"column":null}}],"line":296},"28":{"loc":{"start":{"line":307,"column":4},"end":{"line":308,"column":null}},"type":"if","locations":[{"start":{"line":307,"column":4},"end":{"line":308,"column":null}},{"start":{},"end":{}}],"line":307},"29":{"loc":{"start":{"line":317,"column":4},"end":{"line":325,"column":null}},"type":"if","locations":[{"start":{"line":317,"column":4},"end":{"line":325,"column":null}},{"start":{},"end":{}}],"line":317},"30":{"loc":{"start":{"line":328,"column":4},"end":{"line":331,"column":null}},"type":"if","locations":[{"start":{"line":328,"column":4},"end":{"line":331,"column":null}},{"start":{},"end":{}}],"line":328},"31":{"loc":{"start":{"line":334,"column":4},"end":{"line":336,"column":null}},"type":"if","locations":[{"start":{"line":334,"column":4},"end":{"line":336,"column":null}},{"start":{},"end":{}}],"line":334},"32":{"loc":{"start":{"line":339,"column":4},"end":{"line":346,"column":null}},"type":"if","locations":[{"start":{"line":339,"column":4},"end":{"line":346,"column":null}},{"start":{},"end":{}}],"line":339},"33":{"loc":{"start":{"line":349,"column":4},"end":{"line":350,"column":null}},"type":"if","locations":[{"start":{"line":349,"column":4},"end":{"line":350,"column":null}},{"start":{},"end":{}}],"line":349},"34":{"loc":{"start":{"line":355,"column":4},"end":{"line":356,"column":null}},"type":"if","locations":[{"start":{"line":355,"column":4},"end":{"line":356,"column":null}},{"start":{},"end":{}}],"line":355},"35":{"loc":{"start":{"line":379,"column":4},"end":{"line":383,"column":null}},"type":"if","locations":[{"start":{"line":379,"column":4},"end":{"line":383,"column":null}},{"start":{},"end":{}}],"line":379}},"s":{"0":0,"1":36,"2":0,"3":9,"4":4,"5":3,"6":18,"7":18,"8":18,"9":18,"10":18,"11":18,"12":18,"13":18,"14":18,"15":18,"16":18,"17":36,"18":18,"19":16,"20":16,"21":16,"22":18,"23":1,"24":1,"25":1,"26":1,"27":1,"28":1,"29":1,"30":1,"31":1,"32":1,"33":18,"34":32,"35":0,"36":32,"37":18,"38":15,"39":15,"40":14,"41":1,"42":1,"43":1,"44":1,"45":0,"46":18,"47":15,"48":5,"49":10,"50":10,"51":10,"52":10,"53":10,"54":20,"55":10,"56":0,"57":0,"58":10,"59":0,"60":0,"61":0,"62":10,"63":0,"64":0,"65":0,"66":0,"67":0,"68":10,"69":1,"70":1,"71":1,"72":1,"73":1,"74":0,"75":0,"76":10,"77":10,"78":18,"79":9,"80":9,"81":0,"82":9,"83":5,"84":4,"85":4,"86":4,"87":5,"88":4,"89":4,"90":1,"91":1,"92":1,"93":3,"94":3,"95":2,"96":1,"97":1,"98":1,"99":18,"100":18,"101":18,"102":17,"103":1,"104":1,"105":1,"106":17,"107":17,"108":17,"109":28,"110":1,"111":27,"112":27,"113":17,"114":23,"115":23,"116":10,"117":10,"118":10,"119":4,"120":4,"121":10,"122":10,"123":13,"124":2,"125":2,"126":2,"127":11,"128":1,"129":1,"130":10,"131":9,"132":9,"133":2,"134":2,"135":9,"136":1,"137":1,"138":17,"139":3,"140":1,"141":17,"142":1,"143":17,"144":17,"145":2,"146":2,"147":2,"148":2,"149":0,"150":2,"151":2,"152":2,"153":2,"154":2,"155":2,"156":4,"157":2},"f":{"0":0,"1":36,"2":0,"3":9,"4":4,"5":3,"6":18,"7":36,"8":16,"9":1,"10":32,"11":15,"12":15,"13":0,"14":0,"15":0,"16":1,"17":9,"18":28,"19":23,"20":3,"21":1,"22":2},"b":{"0":[18,0],"1":[18,0],"2":[16,16,0,0],"3":[16,16,16],"4":[16,0,0],"5":[1,0],"6":[0,32],"7":[32,32],"8":[14,1],"9":[5,10],"10":[15,15,15,15],"11":[5,0],"12":[0,0],"13":[0,0],"14":[0,0],"15":[0,0],"16":[0,0],"17":[1,9],"18":[1,0],"19":[9,4],"20":[0,9],"21":[5,4],"22":[4,0],"23":[1,3],"24":[3,0],"25":[2,1],"26":[1,1],"27":[1,0],"28":[1,27],"29":[10,13],"30":[2,11],"31":[1,10],"32":[9,1],"33":[1,0],"34":[1,2],"35":[2,0]},"meta":{"lastBranch":36,"lastFunction":23,"lastStatement":158,"seen":{"f:97:9:97:42":0,"s:98:2:98:Infinity":0,"f:101:9:101:19":1,"s:102:2:102:Infinity":1,"f:102:20:102:26":2,"s:102:35:102:63":2,"f:105:9:105:21":3,"s:106:2:106:Infinity":3,"f:109:9:109:22":4,"s:110:2:110:Infinity":4,"f:113:9:113:19":5,"s:114:2:114:Infinity":5,"f:117:22:117:36":6,"s:118:94:118:Infinity":6,"s:119:19:119:Infinity":7,"b:119:19:119:32:119:36:119:Infinity":0,"s:120:20:120:Infinity":8,"b:120:20:120:38:120:42:120:Infinity":1,"s:121:16:121:48":9,"s:122:26:122:62":10,"s:123:28:123:68":11,"s:124:33:124:Infinity":12,"s:125:40:125:Infinity":13,"s:126:34:126:Infinity":14,"s:127:17:127:Infinity":15,"s:129:8:130:Infinity":16,"f:129:8:129:26":7,"s:130:4:130:Infinity":17,"s:133:8:145:Infinity":18,"f:133:8:133:Infinity":8,"s:138:21:138:38":19,"s:139:4:144:Infinity":20,"b:141:12:141:27:141:27:141:39:141:39:141:57:141:57:141:Infinity":2,"b:142:14:142:31:142:31:142:51:142:51:142:Infinity":3,"b:143:13:143:29:143:29:143:48:143:48:143:Infinity":4,"s:145:4:145:Infinity":21,"s:148:8:159:Infinity":22,"f:148:8:148:22":9,"s:149:23:149:50":23,"b:150:4:155:Infinity:undefined:undefined:undefined:undefined":5,"s:150:4:155:Infinity":24,"s:151:6:151:Infinity":25,"s:152:6:152:Infinity":26,"s:153:6:153:Infinity":27,"s:154:6:154:Infinity":28,"s:155:6:155:Infinity":29,"s:157:4:157:Infinity":30,"s:158:4:158:Infinity":31,"s:159:4:159:Infinity":32,"s:162:8:166:Infinity":33,"f:162:8:162:16":10,"b:163:4:164:Infinity:undefined:undefined:undefined:undefined":6,"s:163:4:164:Infinity":34,"b:163:8:163:19:163:19:163:57":7,"s:164:6:164:Infinity":35,"s:166:4:166:Infinity":36,"s:169:33:179:Infinity":37,"f:169:33:169:40":11,"s:170:23:170:52":38,"b:171:4:172:Infinity:undefined:undefined:undefined:undefined":8,"s:171:4:172:Infinity":39,"s:172:6:172:Infinity":40,"s:174:4:174:Infinity":41,"s:175:4:179:Infinity":42,"s:176:6:179:Infinity":43,"s:177:8:177:Infinity":44,"s:179:8:179:Infinity":45,"s:184:8:248:Infinity":46,"f:184:8:184:28":12,"b:185:4:186:Infinity:undefined:undefined:undefined:undefined":9,"s:185:4:186:Infinity":47,"b:185:8:185:24:185:24:185:39:185:39:185:64:185:64:185:91":10,"s:186:6:186:Infinity":48,"b:186:13:186:40:186:44:186:Infinity":11,"s:189:23:189:64":49,"s:190:27:190:Infinity":50,"s:192:4:192:Infinity":51,"s:193:4:193:Infinity":52,"s:195:4:196:Infinity":53,"s:196:6:196:Infinity":54,"s:199:4:205:Infinity":55,"f:199:15:199:33":13,"b:200:6:205:Infinity:undefined:undefined:undefined:undefined":12,"s:200:6:205:Infinity":56,"s:201:8:205:Infinity":57,"s:209:4:215:Infinity":58,"f:209:15:209:26":14,"s:210:23:210:Infinity":59,"s:211:27:211:56":60,"b:211:27:211:37:211:37:211:56":13,"s:212:6:215:Infinity":61,"s:218:4:223:Infinity":62,"f:218:15:218:47":15,"s:219:24:219:Infinity":63,"b:220:6:223:Infinity:222:17:223:Infinity":14,"s:220:6:223:Infinity":64,"s:221:8:221:Infinity":65,"b:222:17:223:Infinity:undefined:undefined:undefined:undefined":15,"s:222:17:223:Infinity":66,"b:222:17:222:43:222:43:222:73":16,"s:223:8:223:Infinity":67,"b:227:4:244:Infinity:undefined:undefined:undefined:undefined":17,"s:227:4:244:Infinity":68,"s:228:6:244:Infinity":69,"f:228:12:228:24":16,"s:229:8:242:Infinity":70,"s:230:24:230:54":71,"s:231:10:231:Infinity":72,"s:232:10:239:Infinity":73,"b:237:27:237:58:237:58:237:Infinity":18,"s:241:10:241:Infinity":74,"s:242:10:242:Infinity":75,"s:247:4:247:Infinity":76,"s:248:4:248:Infinity":77,"s:251:23:285:Infinity":78,"f:251:23:251:30":17,"s:252:23:252:100":79,"b:252:54:252:87:252:87:252:100":19,"b:253:4:254:Infinity:undefined:undefined:undefined:undefined":20,"s:253:4:254:Infinity":80,"s:254:6:254:Infinity":81,"b:257:4:270:Infinity:undefined:undefined:undefined:undefined":21,"s:257:4:270:Infinity":82,"s:258:6:258:Infinity":83,"s:259:21:259:52":84,"s:260:6:260:Infinity":85,"s:261:6:268:Infinity":86,"b:266:23:266:54:266:54:266:Infinity":22,"s:269:6:269:Infinity":87,"s:270:6:270:Infinity":88,"b:273:4:276:Infinity:undefined:undefined:undefined:undefined":23,"s:273:4:276:Infinity":89,"s:274:6:274:Infinity":90,"s:275:6:275:Infinity":91,"s:276:6:276:Infinity":92,"b:279:4:285:Infinity:undefined:undefined:undefined:undefined":24,"s:279:4:285:Infinity":93,"b:280:6:285:Infinity:282:13:285:Infinity":25,"s:280:6:285:Infinity":94,"s:281:8:281:Infinity":95,"s:283:22:283:63":96,"b:283:22:283:57:283:61:283:63":26,"s:284:8:284:Infinity":97,"s:285:8:285:Infinity":98,"s:290:2:300:Infinity":99,"s:291:4:291:Infinity":100,"s:292:4:292:Infinity":101,"s:293:4:293:Infinity":102,"s:296:6:298:Infinity":103,"b:297:10:297:Infinity:298:10:298:Infinity":27,"s:299:4:299:Infinity":104,"s:300:4:300:Infinity":105,"s:303:2:303:Infinity":106,"s:304:2:304:Infinity":107,"s:306:2:312:Infinity":108,"f:306:26:306:40":18,"b:307:4:308:Infinity:undefined:undefined:undefined:undefined":28,"s:307:4:308:Infinity":109,"s:308:6:308:Infinity":110,"s:310:4:310:Infinity":111,"s:311:4:311:Infinity":112,"s:314:2:352:Infinity":113,"f:314:37:314:44":19,"s:315:20:315:52":114,"b:317:4:325:Infinity:undefined:undefined:undefined:undefined":29,"s:317:4:325:Infinity":115,"s:318:6:318:Infinity":116,"s:319:6:319:Infinity":117,"s:320:6:322:Infinity":118,"s:321:8:321:Infinity":119,"s:322:8:322:Infinity":120,"s:324:6:324:Infinity":121,"s:325:6:325:Infinity":122,"b:328:4:331:Infinity:undefined:undefined:undefined:undefined":30,"s:328:4:331:Infinity":123,"s:329:6:329:Infinity":124,"s:330:6:330:Infinity":125,"s:331:6:331:Infinity":126,"b:334:4:336:Infinity:undefined:undefined:undefined:undefined":31,"s:334:4:336:Infinity":127,"s:335:6:335:Infinity":128,"s:336:6:336:Infinity":129,"b:339:4:346:Infinity:undefined:undefined:undefined:undefined":32,"s:339:4:346:Infinity":130,"s:340:6:344:Infinity":131,"s:341:8:341:Infinity":132,"s:343:8:343:Infinity":133,"s:344:8:344:Infinity":134,"s:346:6:346:Infinity":135,"b:349:4:350:Infinity:undefined:undefined:undefined:undefined":33,"s:349:4:350:Infinity":136,"s:350:6:350:Infinity":137,"s:354:2:358:Infinity":138,"f:354:26:354:41":20,"b:355:4:356:Infinity:undefined:undefined:undefined:undefined":34,"s:355:4:356:Infinity":139,"s:356:6:356:Infinity":140,"s:360:2:362:Infinity":141,"f:360:26:360:41":21,"s:361:4:361:Infinity":142,"s:364:2:364:Infinity":143,"s:366:2:383:Infinity":144,"f:366:2:366:15":22,"s:367:4:367:Infinity":145,"s:368:4:368:Infinity":146,"s:369:4:369:Infinity":147,"s:371:4:372:Infinity":148,"s:372:6:372:Infinity":149,"s:374:4:374:Infinity":150,"s:375:4:375:Infinity":151,"s:376:4:376:Infinity":152,"s:377:4:377:Infinity":153,"b:379:4:383:Infinity:undefined:undefined:undefined:undefined":35,"s:379:4:383:Infinity":154,"s:380:6:381:Infinity":155,"s:381:8:381:Infinity":156,"s:383:6:383:Infinity":157}}}
}
