{"/app/src/utils/motionDetection.ts": {"path":"/app/src/utils/motionDetection.ts","statementMap":{"0":{"start":{"line":6,"column":17},"end":{"line":6,"column":49}},"1":{"start":{"line":7,"column":14},"end":{"line":7,"column":67}},"2":{"start":{"line":10,"column":2},"end":{"line":10,"column":null}},"3":{"start":{"line":11,"column":2},"end":{"line":11,"column":null}},"4":{"start":{"line":13,"column":36},"end":{"line":13,"column":null}},"5":{"start":{"line":15,"column":21},"end":{"line":51,"column":9}},"6":{"start":{"line":17,"column":4},"end":{"line":17,"column":null}},"7":{"start":{"line":17,"column":79},"end":{"line":17,"column":null}},"8":{"start":{"line":20,"column":4},"end":{"line":23,"column":null}},"9":{"start":{"line":21,"column":6},"end":{"line":21,"column":null}},"10":{"start":{"line":22,"column":6},"end":{"line":22,"column":null}},"11":{"start":{"line":23,"column":6},"end":{"line":23,"column":null}},"12":{"start":{"line":26,"column":4},"end":{"line":26,"column":null}},"13":{"start":{"line":27,"column":18},"end":{"line":27,"column":69}},"14":{"start":{"line":29,"column":4},"end":{"line":46,"column":null}},"15":{"start":{"line":30,"column":17},"end":{"line":30,"column":null}},"16":{"start":{"line":32,"column":6},"end":{"line":36,"column":null}},"17":{"start":{"line":32,"column":19},"end":{"line":32,"column":22}},"18":{"start":{"line":34,"column":8},"end":{"line":34,"column":null}},"19":{"start":{"line":35,"column":8},"end":{"line":35,"column":null}},"20":{"start":{"line":36,"column":8},"end":{"line":36,"column":null}},"21":{"start":{"line":40,"column":29},"end":{"line":40,"column":null}},"22":{"start":{"line":42,"column":6},"end":{"line":46,"column":null}},"23":{"start":{"line":43,"column":8},"end":{"line":46,"column":null}},"24":{"start":{"line":44,"column":10},"end":{"line":44,"column":null}},"25":{"start":{"line":46,"column":10},"end":{"line":46,"column":null}},"26":{"start":{"line":50,"column":4},"end":{"line":50,"column":null}},"27":{"start":{"line":54,"column":2},"end":{"line":54,"column":null}},"28":{"start":{"line":54,"column":15},"end":{"line":54,"column":40}}},"fnMap":{"0":{"name":"detectMotion","decl":{"start":{"line":1,"column":16},"end":{"line":1,"column":null}},"loc":{"start":{"line":5,"column":14},"end":{"line":54,"column":null}},"line":5},"1":{"name":"(anonymous_1)","decl":{"start":{"line":15,"column":21},"end":{"line":15,"column":39}},"loc":{"start":{"line":15,"column":39},"end":{"line":51,"column":9}},"line":15},"2":{"name":"(anonymous_2)","decl":{"start":{"line":54,"column":2},"end":{"line":54,"column":15}},"loc":{"start":{"line":54,"column":15},"end":{"line":54,"column":40}},"line":54}},"branchMap":{"0":{"loc":{"start":{"line":3,"column":2},"end":{"line":3,"column":null}},"type":"default-arg","locations":[{"start":{"line":3,"column":14},"end":{"line":3,"column":null}}],"line":3},"1":{"loc":{"start":{"line":10,"column":17},"end":{"line":10,"column":null}},"type":"binary-expr","locations":[{"start":{"line":10,"column":17},"end":{"line":10,"column":44}},{"start":{"line":10,"column":44},"end":{"line":10,"column":null}}],"line":10},"2":{"loc":{"start":{"line":11,"column":18},"end":{"line":11,"column":null}},"type":"binary-expr","locations":[{"start":{"line":11,"column":18},"end":{"line":11,"column":46}},{"start":{"line":11,"column":46},"end":{"line":11,"column":null}}],"line":11},"3":{"loc":{"start":{"line":17,"column":4},"end":{"line":17,"column":null}},"type":"if","locations":[{"start":{"line":17,"column":4},"end":{"line":17,"column":null}},{"start":{},"end":{}}],"line":17},"4":{"loc":{"start":{"line":17,"column":8},"end":{"line":17,"column":79}},"type":"binary-expr","locations":[{"start":{"line":17,"column":8},"end":{"line":17,"column":31}},{"start":{"line":17,"column":31},"end":{"line":17,"column":53}},{"start":{"line":17,"column":53},"end":{"line":17,"column":79}}],"line":17},"5":{"loc":{"start":{"line":20,"column":4},"end":{"line":23,"column":null}},"type":"if","locations":[{"start":{"line":20,"column":4},"end":{"line":23,"column":null}},{"start":{},"end":{}}],"line":20},"6":{"loc":{"start":{"line":20,"column":8},"end":{"line":20,"column":96}},"type":"binary-expr","locations":[{"start":{"line":20,"column":8},"end":{"line":20,"column":52}},{"start":{"line":20,"column":52},"end":{"line":20,"column":96}}],"line":20},"7":{"loc":{"start":{"line":29,"column":4},"end":{"line":46,"column":null}},"type":"if","locations":[{"start":{"line":29,"column":4},"end":{"line":46,"column":null}},{"start":{},"end":{}}],"line":29},"8":{"loc":{"start":{"line":42,"column":6},"end":{"line":46,"column":null}},"type":"if","locations":[{"start":{"line":42,"column":6},"end":{"line":46,"column":null}},{"start":{},"end":{}}],"line":42},"9":{"loc":{"start":{"line":43,"column":8},"end":{"line":46,"column":null}},"type":"if","locations":[{"start":{"line":43,"column":8},"end":{"line":46,"column":null}},{"start":{"line":45,"column":15},"end":{"line":46,"column":null}}],"line":43}},"s":{"0":12,"1":12,"2":12,"3":12,"4":12,"5":12,"6":20,"7":2,"8":18,"9":2,"10":2,"11":2,"12":18,"13":18,"14":18,"15":6,"16":6,"17":6,"18":60000,"19":60000,"20":60000,"21":6,"22":6,"23":4,"24":2,"25":2,"26":18,"27":12,"28":10},"f":{"0":12,"1":20,"2":10},"b":{"0":[12],"1":[12,0],"2":[12,0],"3":[2,18],"4":[20,18,18],"5":[2,16],"6":[18,16],"7":[6,12],"8":[4,2],"9":[2,2]},"meta":{"lastBranch":10,"lastFunction":3,"lastStatement":29,"seen":{"f:1:16:1:Infinity":0,"b:3:14:3:Infinity":0,"s:6:17:6:49":0,"s:7:14:7:67":1,"s:10:2:10:Infinity":2,"b:10:17:10:44:10:44:10:Infinity":1,"s:11:2:11:Infinity":3,"b:11:18:11:46:11:46:11:Infinity":2,"s:13:36:13:Infinity":4,"s:15:21:51:9":5,"f:15:21:15:39":1,"b:17:4:17:Infinity:undefined:undefined:undefined:undefined":3,"s:17:4:17:Infinity":6,"b:17:8:17:31:17:31:17:53:17:53:17:79":4,"s:17:79:17:Infinity":7,"b:20:4:23:Infinity:undefined:undefined:undefined:undefined":5,"s:20:4:23:Infinity":8,"b:20:8:20:52:20:52:20:96":6,"s:21:6:21:Infinity":9,"s:22:6:22:Infinity":10,"s:23:6:23:Infinity":11,"s:26:4:26:Infinity":12,"s:27:18:27:69":13,"b:29:4:46:Infinity:undefined:undefined:undefined:undefined":7,"s:29:4:46:Infinity":14,"s:30:17:30:Infinity":15,"s:32:6:36:Infinity":16,"s:32:19:32:22":17,"s:34:8:34:Infinity":18,"s:35:8:35:Infinity":19,"s:36:8:36:Infinity":20,"s:40:29:40:Infinity":21,"b:42:6:46:Infinity:undefined:undefined:undefined:undefined":8,"s:42:6:46:Infinity":22,"b:43:8:46:Infinity:45:15:46:Infinity":9,"s:43:8:46:Infinity":23,"s:44:10:44:Infinity":24,"s:46:10:46:Infinity":25,"s:50:4:50:Infinity":26,"s:54:2:54:Infinity":27,"f:54:2:54:15":2,"s:54:15:54:40":28}}}
}
